# JRE version: OpenJDK Runtime Environment (21.0.8) (build 21.0.8+-14018985-b1038.68)
# Java VM: OpenJDK 64-Bit Server VM (21.0.8+-14018985-b1038.68, mixed mode, tiered, compressed oops, compressed class ptrs, g1 gc, windows-amd64)
GC Precious Log:
 CardTable entry size: 512
 Card Set container configuration: InlinePtr #cards 5 size 8 Array Of Cards #cards 12 size 40 Howl #buckets 4 coarsen threshold 1843 Howl Bitmap #cards 512 size 80 coarsen threshold 460 Card regions per heap region 1 cards per card region 2048
 CPUs: 4 total, 4 available
 Memory: 12125M
 Large Page Support: Disabled
 NUMA Support: Disabled
 Compressed Oops: Enabled (32-bit)
 Heap Region Size: 1M
 Heap Min Capacity: 8M
 Heap Initial Capacity: 190M
 Heap Max Capacity: 2G
 Pre-touch: Disabled
 Parallel Workers: 4
 Concurrent Workers: 1
 Concurrent Refinement Workers: 4
 Periodic GC: Disabled
Heap:
 garbage-first heap   total 398336K, used 284160K [0x0000000080000000, 0x0000000100000000)
  region size 1024K, 82 young (83968K), 20 survivors (20480K)
 Metaspace       used 179571K, committed 182144K, reserved 1245184K
  class space    used 23989K, committed 25280K, reserved 1048576K
GC Heap History (20 events):
Event: 1293.371 GC heap before
{Heap before GC invocations=73 (full 0):
 garbage-first heap   total 329728K, used 301056K [0x0000000080000000, 0x0000000100000000)
  region size 1024K, 99 young (101376K), 11 survivors (11264K)
 Metaspace       used 157341K, committed 159936K, reserved 1245184K
  class space    used 20847K, committed 22144K, reserved 1048576K
}
Event: 1293.390 GC heap after
{Heap after GC invocations=74 (full 0):
 garbage-first heap   total 329728K, used 198013K [0x0000000080000000, 0x0000000100000000)
  region size 1024K, 4 young (4096K), 4 survivors (4096K)
 Metaspace       used 157341K, committed 159936K, reserved 1245184K
  class space    used 20847K, committed 22144K, reserved 1048576K
}
Event: 1308.256 GC heap before
{Heap before GC invocations=74 (full 0):
 garbage-first heap   total 329728K, used 303485K [0x0000000080000000, 0x0000000100000000)
  region size 1024K, 106 young (108544K), 4 survivors (4096K)
 Metaspace       used 157553K, committed 160128K, reserved 1245184K
  class space    used 20848K, committed 22144K, reserved 1048576K
}
Event: 1308.293 GC heap after
{Heap after GC invocations=75 (full 0):
 garbage-first heap   total 330752K, used 207360K [0x0000000080000000, 0x0000000100000000)
  region size 1024K, 14 young (14336K), 14 survivors (14336K)
 Metaspace       used 157553K, committed 160128K, reserved 1245184K
  class space    used 20848K, committed 22144K, reserved 1048576K
}
Event: 1308.490 GC heap before
{Heap before GC invocations=75 (full 0):
 garbage-first heap   total 330752K, used 240128K [0x0000000080000000, 0x0000000100000000)
  region size 1024K, 48 young (49152K), 14 survivors (14336K)
 Metaspace       used 157588K, committed 160128K, reserved 1245184K
  class space    used 20848K, committed 22144K, reserved 1048576K
}
Event: 1308.533 GC heap after
{Heap after GC invocations=76 (full 0):
 garbage-first heap   total 330752K, used 225792K [0x0000000080000000, 0x0000000100000000)
  region size 1024K, 13 young (13312K), 13 survivors (13312K)
 Metaspace       used 157588K, committed 160128K, reserved 1245184K
  class space    used 20848K, committed 22144K, reserved 1048576K
}
Event: 1311.088 GC heap before
{Heap before GC invocations=77 (full 0):
 garbage-first heap   total 398336K, used 290304K [0x0000000080000000, 0x0000000100000000)
  region size 1024K, 64 young (65536K), 13 survivors (13312K)
 Metaspace       used 157500K, committed 160192K, reserved 1245184K
  class space    used 20826K, committed 22144K, reserved 1048576K
}
Event: 1311.117 GC heap after
{Heap after GC invocations=78 (full 0):
 garbage-first heap   total 398336K, used 231424K [0x0000000080000000, 0x0000000100000000)
  region size 1024K, 8 young (8192K), 8 survivors (8192K)
 Metaspace       used 157500K, committed 160192K, reserved 1245184K
  class space    used 20826K, committed 22144K, reserved 1048576K
}
Event: 1313.809 GC heap before
{Heap before GC invocations=78 (full 0):
 garbage-first heap   total 398336K, used 328704K [0x0000000080000000, 0x0000000100000000)
  region size 1024K, 98 young (100352K), 8 survivors (8192K)
 Metaspace       used 157942K, committed 160512K, reserved 1245184K
  class space    used 20849K, committed 22144K, reserved 1048576K
}
Event: 1313.837 GC heap after
{Heap after GC invocations=79 (full 0):
 garbage-first heap   total 398336K, used 228352K [0x0000000080000000, 0x0000000100000000)
  region size 1024K, 13 young (13312K), 13 survivors (13312K)
 Metaspace       used 157942K, committed 160512K, reserved 1245184K
  class space    used 20849K, committed 22144K, reserved 1048576K
}
Event: 1315.396 GC heap before
{Heap before GC invocations=79 (full 0):
 garbage-first heap   total 398336K, used 282624K [0x0000000080000000, 0x0000000100000000)
  region size 1024K, 67 young (68608K), 13 survivors (13312K)
 Metaspace       used 158420K, committed 161024K, reserved 1245184K
  class space    used 20876K, committed 22144K, reserved 1048576K
}
Event: 1315.413 GC heap after
{Heap after GC invocations=80 (full 0):
 garbage-first heap   total 398336K, used 226816K [0x0000000080000000, 0x0000000100000000)
  region size 1024K, 6 young (6144K), 6 survivors (6144K)
 Metaspace       used 158420K, committed 161024K, reserved 1245184K
  class space    used 20876K, committed 22144K, reserved 1048576K
}
Event: 1317.386 GC heap before
{Heap before GC invocations=81 (full 0):
 garbage-first heap   total 398336K, used 299520K [0x0000000080000000, 0x0000000100000000)
  region size 1024K, 105 young (107520K), 6 survivors (6144K)
 Metaspace       used 168640K, committed 171264K, reserved 1245184K
  class space    used 22400K, committed 23680K, reserved 1048576K
}
Event: 1317.416 GC heap after
{Heap after GC invocations=82 (full 0):
 garbage-first heap   total 398336K, used 206528K [0x0000000080000000, 0x0000000100000000)
  region size 1024K, 14 young (14336K), 14 survivors (14336K)
 Metaspace       used 168640K, committed 171264K, reserved 1245184K
  class space    used 22400K, committed 23680K, reserved 1048576K
}
Event: 1320.404 GC heap before
{Heap before GC invocations=82 (full 0):
 garbage-first heap   total 398336K, used 326336K [0x0000000080000000, 0x0000000100000000)
  region size 1024K, 131 young (134144K), 14 survivors (14336K)
 Metaspace       used 176737K, committed 179328K, reserved 1245184K
  class space    used 23541K, committed 24832K, reserved 1048576K
}
Event: 1320.425 GC heap after
{Heap after GC invocations=83 (full 0):
 garbage-first heap   total 398336K, used 192976K [0x0000000080000000, 0x0000000100000000)
  region size 1024K, 7 young (7168K), 7 survivors (7168K)
 Metaspace       used 176737K, committed 179328K, reserved 1245184K
  class space    used 23541K, committed 24832K, reserved 1048576K
}
Event: 1321.068 GC heap before
{Heap before GC invocations=83 (full 0):
 garbage-first heap   total 398336K, used 217552K [0x0000000080000000, 0x0000000100000000)
  region size 1024K, 33 young (33792K), 7 survivors (7168K)
 Metaspace       used 177925K, committed 180480K, reserved 1245184K
  class space    used 23763K, committed 25024K, reserved 1048576K
}
Event: 1321.081 GC heap after
{Heap after GC invocations=84 (full 0):
 garbage-first heap   total 398336K, used 196010K [0x0000000080000000, 0x0000000100000000)
  region size 1024K, 10 young (10240K), 10 survivors (10240K)
 Metaspace       used 177925K, committed 180480K, reserved 1245184K
  class space    used 23763K, committed 25024K, reserved 1048576K
}
Event: 1576.560 GC heap before
{Heap before GC invocations=85 (full 0):
 garbage-first heap   total 398336K, used 364970K [0x0000000080000000, 0x0000000100000000)
  region size 1024K, 156 young (159744K), 10 survivors (10240K)
 Metaspace       used 179524K, committed 182144K, reserved 1245184K
  class space    used 23989K, committed 25280K, reserved 1048576K
}
Event: 1576.582 GC heap after
{Heap after GC invocations=86 (full 0):
 garbage-first heap   total 398336K, used 207360K [0x0000000080000000, 0x0000000100000000)
  region size 1024K, 20 young (20480K), 20 survivors (20480K)
 Metaspace       used 179524K, committed 182144K, reserved 1245184K
  class space    used 23989K, committed 25280K, reserved 1048576K
}

